{
  "RSpec": {
    "coverage": {
      "/home/brolinr/workspace/projects/produktiv/app/models/chat_member.rb": {
        "lines": [
          null,
          null,
          1,
          1,
          1,
          null,
          1,
          null,
          1,
          null
        ]
      },
      "/home/brolinr/workspace/projects/produktiv/spec/models/chat_spec.rb": {
        "lines": [
          null,
          null,
          1,
          null,
          1,
          1,
          2,
          2,
          null,
          null,
          1,
          2,
          null,
          3,
          null,
          null
        ]
      },
      "/home/brolinr/workspace/projects/produktiv/app/models/chat.rb": {
        "lines": [
          null,
          null,
          1,
          1,
          null,
          1,
          1,
          1,
          null
        ]
      },
      "/home/brolinr/workspace/projects/produktiv/spec/models/message_board_spec.rb": {
        "lines": [
          null,
          null,
          1,
          null,
          1,
          1,
          2,
          2,
          null,
          null,
          1,
          2,
          null,
          3,
          null,
          null
        ]
      },
      "/home/brolinr/workspace/projects/produktiv/app/models/message_board.rb": {
        "lines": [
          null,
          null,
          1,
          1,
          null,
          1,
          null
        ]
      },
      "/home/brolinr/workspace/projects/produktiv/spec/models/message_spec.rb": {
        "lines": [
          null,
          null,
          1,
          null,
          1,
          1,
          2,
          2,
          null,
          null,
          1,
          2,
          2,
          null,
          null,
          1,
          2,
          null,
          3,
          null,
          null
        ]
      },
      "/home/brolinr/workspace/projects/produktiv/app/models/message.rb": {
        "lines": [
          null,
          null,
          1,
          1,
          1,
          null,
          1,
          null,
          1,
          null
        ]
      },
      "/home/brolinr/workspace/projects/produktiv/spec/models/project_spec.rb": {
        "lines": [
          null,
          null,
          1,
          null,
          1,
          7,
          1,
          2,
          2,
          null,
          null,
          1,
          2,
          2,
          2,
          2,
          null,
          null,
          null,
          1,
          2,
          null,
          3,
          null,
          null
        ]
      },
      "/home/brolinr/workspace/projects/produktiv/app/models/project.rb": {
        "lines": [
          null,
          null,
          1,
          1,
          null,
          1,
          null,
          1,
          1,
          1,
          null,
          1,
          1,
          null
        ]
      },
      "/home/brolinr/workspace/projects/produktiv/spec/models/project_user_spec.rb": {
        "lines": [
          null,
          null,
          1,
          null,
          1,
          4,
          null,
          1,
          2,
          null,
          1,
          2,
          2,
          null,
          null,
          1,
          2,
          null,
          3,
          null,
          null
        ]
      },
      "/home/brolinr/workspace/projects/produktiv/app/models/project_user.rb": {
        "lines": [
          null,
          null,
          1,
          1,
          1,
          null,
          1,
          1,
          null,
          1,
          1,
          1,
          1,
          1,
          null
        ]
      },
      "/home/brolinr/workspace/projects/produktiv/spec/models/todo_list_spec.rb": {
        "lines": [
          null,
          null,
          1,
          null,
          1,
          1,
          2,
          2,
          null,
          null,
          1,
          2,
          null,
          null,
          null,
          1,
          2,
          null,
          3,
          null,
          null
        ]
      },
      "/home/brolinr/workspace/projects/produktiv/app/models/todo_list.rb": {
        "lines": [
          null,
          null,
          1,
          1,
          null,
          1,
          null,
          1,
          null
        ]
      },
      "/home/brolinr/workspace/projects/produktiv/spec/models/todo_spec.rb": {
        "lines": [
          null,
          null,
          1,
          null,
          1,
          1,
          2,
          2,
          null,
          null,
          1,
          2,
          null,
          3,
          null,
          null
        ]
      },
      "/home/brolinr/workspace/projects/produktiv/app/models/todo.rb": {
        "lines": [
          null,
          null,
          1,
          1,
          1,
          null
        ]
      },
      "/home/brolinr/workspace/projects/produktiv/spec/models/user_spec.rb": {
        "lines": [
          null,
          null,
          1,
          null,
          null,
          1,
          8,
          null,
          1,
          2,
          2,
          2,
          2,
          2,
          null,
          null,
          1,
          2,
          2,
          null,
          null,
          null,
          1,
          2,
          null,
          3,
          null,
          null
        ]
      },
      "/home/brolinr/workspace/projects/produktiv/spec/requests/v1/chats_controller_spec.rb": {
        "lines": [
          null,
          null,
          1,
          null,
          1,
          8,
          8,
          5,
          6,
          4,
          8,
          null,
          1,
          2,
          2,
          null,
          1,
          1,
          1,
          1,
          null,
          null,
          null,
          1,
          3,
          3,
          null,
          1,
          2,
          1,
          1,
          1,
          1,
          null,
          null,
          null,
          1,
          2,
          null,
          1,
          1,
          1,
          1,
          null,
          null,
          null,
          null,
          1,
          3,
          null,
          1,
          2,
          null,
          1,
          2,
          1,
          1,
          1,
          null,
          null,
          null,
          1,
          2,
          null,
          1,
          2,
          1,
          1,
          1,
          1,
          null,
          null,
          null,
          null,
          1,
          3,
          3,
          null,
          1,
          2,
          2,
          null,
          1,
          2,
          1,
          1,
          null,
          null,
          null,
          1,
          2,
          2,
          null,
          1,
          1,
          1,
          1,
          null,
          null,
          null,
          null
        ]
      },
      "/home/brolinr/workspace/projects/produktiv/app/controllers/v1/chats_controller.rb": {
        "lines": [
          null,
          null,
          1,
          1,
          1,
          1,
          1,
          1,
          null,
          null,
          1,
          1,
          null,
          null,
          1,
          2,
          2,
          null,
          null,
          1,
          1,
          1,
          null,
          null,
          1,
          null,
          1,
          13,
          null,
          1,
          null,
          null,
          1,
          5,
          null,
          1,
          null,
          null,
          1,
          2,
          null,
          null
        ]
      },
      "/home/brolinr/workspace/projects/produktiv/app/controllers/v1/application_controller.rb": {
        "lines": [
          null,
          null,
          1,
          1,
          1,
          null,
          1,
          0,
          null,
          null,
          1,
          null,
          1,
          29,
          null,
          null
        ]
      },
      "/home/brolinr/workspace/projects/produktiv/app/controllers/application_controller.rb": {
        "lines": [
          null,
          null,
          1,
          null,
          1,
          null,
          null,
          1,
          null,
          null,
          null,
          null,
          null,
          null,
          null,
          null,
          null,
          null,
          null,
          null,
          1,
          1,
          0,
          0,
          null,
          null
        ]
      },
      "/home/brolinr/workspace/projects/produktiv/spec/requests/v1/invites_controller_spec.rb": {
        "lines": [
          null,
          null,
          1,
          null,
          1,
          11,
          11,
          9,
          null,
          11,
          1,
          3,
          3,
          1,
          2,
          null,
          1,
          1,
          1,
          1,
          null,
          null,
          1,
          2,
          null,
          1,
          1,
          1,
          1,
          null,
          null,
          null,
          null,
          1,
          3,
          3,
          null,
          1,
          2,
          2,
          null,
          1,
          1,
          1,
          1,
          null,
          null,
          null,
          1,
          2,
          2,
          null,
          1,
          1,
          1,
          1,
          null,
          null,
          null,
          null,
          1,
          1,
          2,
          null,
          null,
          null,
          1,
          2,
          null,
          1,
          2,
          1,
          1,
          null,
          null,
          null,
          1,
          2,
          null,
          1,
          2,
          1,
          1,
          null,
          null,
          null,
          null,
          1,
          3,
          3,
          null,
          1,
          2,
          2,
          2,
          null,
          1,
          1,
          1,
          1,
          1,
          null,
          null,
          null,
          1,
          2,
          2,
          2,
          null,
          1,
          1,
          1,
          1,
          null,
          null,
          null,
          null,
          1,
          3,
          3,
          null,
          1,
          2,
          2,
          null,
          1,
          2,
          1,
          1,
          null,
          null,
          null,
          1,
          2,
          2,
          null,
          1,
          1,
          1,
          1,
          null,
          null,
          null,
          null
        ]
      },
      "/home/brolinr/workspace/projects/produktiv/app/controllers/v1/invites_controller.rb": {
        "lines": [
          null,
          null,
          1,
          1,
          1,
          null,
          1,
          1,
          null,
          null,
          1,
          1,
          null,
          null,
          1,
          2,
          null,
          null,
          null,
          null,
          2,
          null,
          null,
          1,
          2,
          2,
          null,
          null,
          1,
          1,
          1,
          null,
          null,
          1,
          1,
          2,
          null,
          null,
          1,
          2,
          null,
          null,
          1,
          10,
          null,
          2,
          null,
          null,
          1,
          6,
          null,
          0,
          null,
          null
        ]
      },
      "/home/brolinr/workspace/projects/produktiv/spec/requests/v1/message_board_controller_spec.rb": {
        "lines": [
          null,
          null,
          1,
          null,
          1,
          5,
          5,
          5,
          null,
          1,
          3,
          3,
          null,
          1,
          2,
          null,
          1,
          1,
          1,
          1,
          null,
          null,
          null,
          1,
          2,
          null,
          1,
          1,
          1,
          1,
          null,
          null,
          null,
          null,
          1,
          3,
          1,
          2,
          null,
          1,
          2,
          2,
          null,
          1,
          1,
          1,
          1,
          1,
          null,
          null,
          null,
          1,
          2,
          2,
          null,
          1,
          1,
          1,
          1,
          null,
          null,
          null,
          null
        ]
      },
      "/home/brolinr/workspace/projects/produktiv/app/controllers/v1/message_board_controller.rb": {
        "lines": [
          null,
          null,
          1,
          1,
          null,
          1,
          1,
          null,
          null,
          1,
          1,
          null,
          null,
          null,
          null,
          1,
          null,
          null,
          1,
          null,
          1,
          6,
          null,
          2,
          null,
          null,
          1,
          1,
          null,
          null
        ]
      },
      "/home/brolinr/workspace/projects/produktiv/spec/requests/v1/messages_controller_spec.rb": {
        "lines": [
          null,
          null,
          1,
          null,
          1,
          12,
          12,
          11,
          12,
          12,
          9,
          null,
          12,
          1,
          3,
          3,
          1,
          1,
          1,
          1,
          1,
          null,
          null,
          null,
          1,
          2,
          null,
          1,
          1,
          1,
          1,
          null,
          null,
          null,
          null,
          1,
          3,
          3,
          null,
          1,
          2,
          null,
          1,
          1,
          1,
          1,
          null,
          null,
          null,
          1,
          2,
          null,
          1,
          1,
          1,
          1,
          null,
          null,
          null,
          null,
          1,
          1,
          3,
          3,
          null,
          1,
          3,
          null,
          null,
          1,
          1,
          1,
          null,
          null,
          1,
          2,
          1,
          1,
          null,
          null,
          null,
          1,
          2,
          null,
          1,
          2,
          1,
          1,
          null,
          null,
          null,
          1,
          2,
          2,
          1,
          1,
          null,
          null,
          null,
          null,
          null,
          null,
          null,
          null,
          null,
          1,
          2,
          1,
          1,
          1,
          null,
          null,
          null,
          null,
          1,
          3,
          3,
          null,
          1,
          2,
          2,
          null,
          1,
          1,
          1,
          1,
          1,
          null,
          null,
          null,
          1,
          2,
          2,
          null,
          1,
          1,
          1,
          1,
          null,
          null,
          null,
          null,
          1,
          3,
          3,
          null,
          1,
          2,
          null,
          1,
          2,
          1,
          1,
          null,
          null,
          null,
          1,
          2,
          null,
          1,
          1,
          1,
          1,
          null,
          null,
          null,
          null
        ]
      },
      "/home/brolinr/workspace/projects/produktiv/app/controllers/v1/messages_controller.rb": {
        "lines": [
          null,
          null,
          1,
          1,
          1,
          1,
          null,
          1,
          1,
          1,
          null,
          null,
          1,
          1,
          null,
          null,
          1,
          3,
          null,
          null,
          null,
          null,
          3,
          null,
          null,
          1,
          2,
          2,
          null,
          null,
          1,
          1,
          1,
          null,
          null,
          1,
          1,
          5,
          null,
          null,
          1,
          12,
          null,
          0,
          null,
          null,
          1,
          4,
          null,
          null,
          1,
          10,
          null,
          2,
          null,
          null
        ]
      },
      "/home/brolinr/workspace/projects/produktiv/spec/requests/v1/projects_controller_spec.rb": {
        "lines": [
          null,
          null,
          1,
          null,
          1,
          11,
          7,
          null,
          11,
          1,
          9,
          3,
          1,
          2,
          null,
          1,
          1,
          1,
          1,
          null,
          null,
          1,
          2,
          null,
          1,
          1,
          1,
          1,
          null,
          null,
          null,
          null,
          1,
          3,
          3,
          null,
          1,
          2,
          2,
          null,
          1,
          1,
          1,
          1,
          null,
          null,
          null,
          1,
          2,
          2,
          null,
          1,
          1,
          1,
          1,
          null,
          null,
          null,
          null,
          1,
          1,
          2,
          null,
          null,
          null,
          1,
          2,
          null,
          1,
          2,
          1,
          1,
          null,
          null,
          null,
          1,
          2,
          null,
          1,
          1,
          1,
          1,
          null,
          null,
          null,
          null,
          1,
          3,
          3,
          null,
          1,
          2,
          2,
          2,
          null,
          1,
          1,
          1,
          1,
          1,
          null,
          null,
          null,
          1,
          2,
          2,
          2,
          null,
          1,
          1,
          1,
          1,
          null,
          null,
          null,
          null,
          1,
          3,
          3,
          null,
          1,
          2,
          2,
          null,
          1,
          2,
          1,
          1,
          null,
          null,
          null,
          1,
          2,
          2,
          null,
          1,
          1,
          1,
          1,
          null,
          null,
          null,
          null
        ]
      },
      "/home/brolinr/workspace/projects/produktiv/app/controllers/v1/projects_controller.rb": {
        "lines": [
          null,
          null,
          1,
          1,
          null,
          1,
          1,
          1,
          null,
          null,
          1,
          1,
          null,
          null,
          1,
          2,
          null,
          2,
          null,
          null,
          1,
          2,
          null,
          2,
          null,
          null,
          1,
          1,
          1,
          null,
          null,
          1,
          null,
          1,
          10,
          null,
          2,
          null,
          null,
          1,
          4,
          null,
          null
        ]
      },
      "/home/brolinr/workspace/projects/produktiv/spec/requests/v1/todo_controller_spec.rb": {
        "lines": [
          null,
          null,
          1,
          null,
          1,
          5,
          5,
          5,
          null,
          1,
          3,
          3,
          null,
          1,
          2,
          null,
          1,
          1,
          1,
          1,
          null,
          null,
          null,
          1,
          2,
          null,
          1,
          1,
          1,
          1,
          null,
          null,
          null,
          null,
          1,
          3,
          1,
          2,
          null,
          1,
          2,
          2,
          null,
          1,
          1,
          1,
          1,
          1,
          null,
          null,
          null,
          1,
          2,
          2,
          null,
          1,
          1,
          1,
          1,
          null,
          null,
          null,
          null
        ]
      },
      "/home/brolinr/workspace/projects/produktiv/app/controllers/v1/todo_controller.rb": {
        "lines": [
          null,
          null,
          1,
          1,
          null,
          1,
          1,
          null,
          null,
          1,
          1,
          null,
          null,
          null,
          null,
          1,
          null,
          null,
          1,
          null,
          1,
          6,
          null,
          2,
          null,
          null,
          1,
          1,
          null,
          null
        ]
      },
      "/home/brolinr/workspace/projects/produktiv/spec/requests/v1/todo_lists_controller_spec.rb": {
        "lines": [
          null,
          null,
          1,
          null,
          1,
          11,
          11,
          11,
          7,
          11,
          null,
          11,
          1,
          1,
          2,
          8,
          null,
          null,
          3,
          1,
          2,
          null,
          1,
          1,
          1,
          1,
          null,
          null,
          null,
          1,
          2,
          null,
          1,
          1,
          1,
          1,
          null,
          null,
          null,
          null,
          1,
          1,
          2,
          2,
          null,
          null,
          3,
          null,
          1,
          2,
          2,
          null,
          1,
          1,
          1,
          1,
          null,
          null,
          null,
          1,
          2,
          2,
          null,
          1,
          1,
          1,
          1,
          null,
          null,
          null,
          null,
          1,
          1,
          2,
          2,
          null,
          null,
          1,
          2,
          null,
          null,
          null,
          null,
          1,
          2,
          null,
          1,
          2,
          1,
          1,
          null,
          null,
          null,
          1,
          2,
          null,
          1,
          1,
          1,
          1,
          null,
          null,
          null,
          null,
          1,
          1,
          2,
          null,
          null,
          3,
          null,
          1,
          2,
          2,
          2,
          null,
          1,
          1,
          1,
          1,
          1,
          null,
          null,
          null,
          1,
          2,
          2,
          2,
          null,
          1,
          1,
          1,
          1,
          null,
          null,
          null,
          null,
          1,
          1,
          2,
          2,
          null,
          null,
          3,
          null,
          1,
          2,
          2,
          null,
          1,
          2,
          1,
          1,
          null,
          null,
          null,
          1,
          2,
          2,
          null,
          1,
          1,
          1,
          1,
          null,
          null,
          null,
          null
        ]
      },
      "/home/brolinr/workspace/projects/produktiv/app/controllers/v1/todo_lists_controller.rb": {
        "lines": [
          null,
          null,
          1,
          1,
          1,
          null,
          1,
          1,
          1,
          null,
          null,
          1,
          1,
          null,
          null,
          1,
          2,
          2,
          null,
          null,
          1,
          2,
          null,
          2,
          null,
          null,
          1,
          1,
          1,
          null,
          null,
          1,
          null,
          1,
          10,
          null,
          2,
          null,
          null,
          1,
          18,
          null,
          0,
          null,
          null,
          1,
          4,
          null,
          null
        ]
      },
      "/home/brolinr/workspace/projects/produktiv/spec/services/invites/create_spec.rb": {
        "lines": [
          null,
          null,
          1,
          null,
          1,
          1,
          2,
          null,
          null,
          null,
          null,
          2,
          3,
          null,
          1,
          1,
          2,
          1,
          2,
          1,
          1,
          1,
          null,
          null,
          null,
          1,
          2,
          1,
          2,
          1,
          1,
          1,
          null,
          null,
          null,
          null
        ]
      },
      "/home/brolinr/workspace/projects/produktiv/app/services/invites/create.rb": {
        "lines": [
          null,
          null,
          1,
          1,
          4,
          null,
          4,
          4,
          null,
          null,
          null,
          4,
          null,
          4,
          null,
          null,
          1,
          null,
          1,
          8,
          null,
          null,
          1,
          4,
          null,
          4,
          4,
          null,
          null,
          null,
          1,
          4,
          3,
          2,
          null,
          1,
          1,
          null,
          null,
          null,
          1,
          1,
          null,
          null,
          1,
          2,
          2,
          null,
          null,
          null,
          null,
          null,
          null
        ]
      },
      "/home/brolinr/workspace/projects/produktiv/app/services/application_service.rb": {
        "lines": [
          null,
          null,
          1,
          1,
          55,
          null,
          null,
          1,
          null,
          1,
          55,
          55,
          55,
          null,
          null,
          1,
          1,
          1,
          1,
          1,
          1,
          null,
          1,
          71,
          null,
          64,
          null,
          null,
          1,
          0,
          0,
          null,
          0,
          null,
          null,
          1,
          0,
          null,
          0,
          null,
          null,
          1,
          127,
          null,
          null,
          1,
          0,
          null,
          null,
          1,
          10,
          10,
          10,
          null,
          null,
          0,
          null,
          null,
          1,
          0,
          null,
          0,
          null,
          null,
          1,
          0,
          0,
          0,
          0,
          null,
          null,
          0,
          null,
          null
        ]
      },
      "/home/brolinr/workspace/projects/produktiv/spec/services/invites/update_spec.rb": {
        "lines": [
          null,
          null,
          1,
          null,
          1,
          1,
          2,
          null,
          null,
          null,
          null,
          3,
          null,
          1,
          1,
          2,
          1,
          2,
          1,
          1,
          1,
          null,
          null,
          null,
          1,
          2,
          1,
          2,
          1,
          1,
          1,
          1,
          null,
          null,
          null,
          null
        ]
      },
      "/home/brolinr/workspace/projects/produktiv/app/services/invites/update.rb": {
        "lines": [
          null,
          null,
          1,
          1,
          4,
          null,
          4,
          null,
          4,
          null,
          null,
          1,
          1,
          17,
          null,
          null,
          1,
          4,
          4,
          3,
          null,
          0,
          0,
          null,
          null,
          1,
          1,
          1,
          null,
          null
        ]
      },
      "/home/brolinr/workspace/projects/produktiv/spec/services/message_boards/create_spec.rb": {
        "lines": [
          null,
          null,
          1,
          null,
          1,
          1,
          2,
          null,
          null,
          null,
          null,
          1,
          3,
          null,
          1,
          1,
          1,
          1,
          null,
          null,
          2,
          1,
          2,
          1,
          1,
          1,
          null,
          null,
          null,
          1,
          2,
          1,
          2,
          1,
          1,
          1,
          null,
          null,
          null,
          null
        ]
      },
      "/home/brolinr/workspace/projects/produktiv/app/services/message_boards/create.rb": {
        "lines": [
          null,
          null,
          1,
          1,
          4,
          null,
          4,
          null,
          4,
          null,
          null,
          1,
          null,
          1,
          7,
          null,
          null,
          1,
          4,
          3,
          null,
          3,
          3,
          3,
          null,
          0,
          0,
          null,
          null,
          1,
          1,
          null,
          null
        ]
      },
      "/home/brolinr/workspace/projects/produktiv/spec/services/message_boards/update_spec.rb": {
        "lines": [
          null,
          null,
          1,
          null,
          1,
          1,
          2,
          null,
          null,
          null,
          null,
          3,
          null,
          1,
          1,
          2,
          1,
          2,
          1,
          1,
          1,
          null,
          null,
          null,
          1,
          2,
          1,
          2,
          1,
          1,
          1,
          null,
          null,
          null,
          null
        ]
      },
      "/home/brolinr/workspace/projects/produktiv/app/services/message_boards/update.rb": {
        "lines": [
          null,
          null,
          1,
          1,
          3,
          null,
          3,
          null,
          3,
          null,
          null,
          1,
          1,
          10,
          null,
          null,
          1,
          3,
          2,
          2,
          null,
          0,
          0,
          null,
          null,
          1,
          1,
          null,
          null
        ]
      },
      "/home/brolinr/workspace/projects/produktiv/spec/services/messages/create_spec.rb": {
        "lines": [
          null,
          null,
          1,
          null,
          1,
          1,
          3,
          null,
          null,
          null,
          null,
          4,
          4,
          3,
          2,
          2,
          2,
          null,
          1,
          1,
          1,
          1,
          1,
          null,
          null,
          1,
          1,
          null,
          1,
          2,
          1,
          1,
          1,
          null,
          null,
          null,
          1,
          2,
          1,
          2,
          1,
          1,
          1,
          null,
          null,
          null,
          1,
          1,
          1,
          1,
          1,
          null,
          null,
          1,
          1,
          null,
          null,
          null,
          null,
          null,
          null,
          null,
          null,
          null,
          null,
          1,
          2,
          1,
          1,
          1,
          null,
          null,
          null,
          null
        ]
      },
      "/home/brolinr/workspace/projects/produktiv/app/services/messages/create.rb": {
        "lines": [
          null,
          null,
          1,
          1,
          6,
          null,
          6,
          null,
          6,
          null,
          null,
          1,
          null,
          1,
          12,
          null,
          null,
          1,
          10,
          null,
          null,
          1,
          10,
          null,
          2,
          null,
          2,
          null,
          null,
          null,
          1,
          5,
          null,
          2,
          null,
          2,
          null,
          1,
          null,
          null,
          null,
          1,
          6,
          5,
          4,
          null,
          4,
          4,
          4,
          null,
          0,
          0,
          null,
          null,
          2,
          2,
          null,
          null
        ]
      },
      "/home/brolinr/workspace/projects/produktiv/spec/services/messages/update_spec.rb": {
        "lines": [
          null,
          null,
          1,
          null,
          1,
          1,
          2,
          null,
          null,
          null,
          null,
          3,
          null,
          1,
          1,
          2,
          1,
          2,
          1,
          1,
          1,
          null,
          null,
          null,
          1,
          2,
          1,
          2,
          1,
          1,
          1,
          null,
          null,
          null,
          null
        ]
      },
      "/home/brolinr/workspace/projects/produktiv/app/services/messages/update.rb": {
        "lines": [
          null,
          null,
          1,
          1,
          4,
          null,
          4,
          null,
          4,
          null,
          null,
          1,
          1,
          14,
          null,
          null,
          1,
          4,
          3,
          3,
          null,
          0,
          0,
          null,
          null,
          1,
          1,
          null,
          null
        ]
      },
      "/home/brolinr/workspace/projects/produktiv/spec/services/projects/create_spec.rb": {
        "lines": [
          null,
          null,
          1,
          null,
          1,
          1,
          2,
          null,
          null,
          null,
          null,
          3,
          null,
          1,
          1,
          2,
          1,
          2,
          null,
          1,
          1,
          1,
          null,
          null,
          null,
          1,
          2,
          1,
          2,
          1,
          1,
          1,
          null,
          null,
          null,
          null
        ]
      },
      "/home/brolinr/workspace/projects/produktiv/app/services/projects/create.rb": {
        "lines": [
          null,
          null,
          1,
          1,
          4,
          null,
          4,
          4,
          4,
          4,
          null,
          null,
          4,
          null,
          null,
          1,
          1,
          8,
          null,
          null,
          1,
          4,
          null,
          4,
          2,
          2,
          null,
          2,
          2,
          null,
          null,
          0,
          0,
          null,
          null,
          1,
          2,
          null,
          2,
          null,
          null,
          1,
          2,
          null,
          2,
          null,
          null
        ]
      },
      "/home/brolinr/workspace/projects/produktiv/spec/services/projects/update_spec.rb": {
        "lines": [
          null,
          null,
          1,
          null,
          1,
          1,
          2,
          null,
          null,
          null,
          null,
          3,
          null,
          1,
          1,
          2,
          1,
          2,
          1,
          1,
          1,
          null,
          null,
          null,
          1,
          2,
          1,
          2,
          1,
          1,
          1,
          null,
          null,
          null,
          null
        ]
      },
      "/home/brolinr/workspace/projects/produktiv/app/services/projects/update.rb": {
        "lines": [
          null,
          null,
          1,
          1,
          4,
          null,
          4,
          null,
          4,
          null,
          null,
          1,
          1,
          14,
          null,
          null,
          1,
          4,
          3,
          3,
          null,
          0,
          0,
          null,
          null,
          1,
          1,
          null,
          null
        ]
      },
      "/home/brolinr/workspace/projects/produktiv/spec/services/todo_lists/create_spec.rb": {
        "lines": [
          null,
          null,
          1,
          null,
          1,
          1,
          2,
          null,
          null,
          null,
          null,
          1,
          3,
          2,
          null,
          1,
          1,
          1,
          1,
          null,
          null,
          2,
          1,
          2,
          1,
          1,
          1,
          null,
          null,
          null,
          1,
          2,
          1,
          2,
          1,
          1,
          1,
          null,
          null,
          null,
          null
        ]
      },
      "/home/brolinr/workspace/projects/produktiv/app/services/todo_lists/create.rb": {
        "lines": [
          null,
          null,
          1,
          1,
          4,
          null,
          4,
          null,
          null,
          4,
          null,
          null,
          1,
          null,
          1,
          11,
          null,
          null,
          1,
          7,
          null,
          null,
          1,
          4,
          3,
          null,
          3,
          2,
          2,
          null,
          1,
          1,
          null,
          null,
          1,
          1,
          null,
          null
        ]
      },
      "/home/brolinr/workspace/projects/produktiv/spec/services/todo_lists/update_spec.rb": {
        "lines": [
          null,
          null,
          1,
          null,
          1,
          1,
          2,
          null,
          null,
          null,
          null,
          3,
          null,
          1,
          1,
          2,
          1,
          2,
          1,
          1,
          1,
          null,
          null,
          null,
          1,
          2,
          1,
          2,
          1,
          1,
          1,
          null,
          null,
          null,
          null
        ]
      },
      "/home/brolinr/workspace/projects/produktiv/app/services/todo_lists/update.rb": {
        "lines": [
          null,
          null,
          1,
          1,
          4,
          null,
          4,
          null,
          4,
          null,
          null,
          1,
          null,
          1,
          4,
          null,
          null,
          1,
          14,
          null,
          null,
          1,
          4,
          3,
          3,
          null,
          0,
          0,
          null,
          null,
          1,
          1,
          null,
          null
        ]
      },
      "/home/brolinr/workspace/projects/produktiv/spec/services/todos/create_spec.rb": {
        "lines": [
          null,
          null,
          1,
          null,
          1,
          1,
          2,
          null,
          null,
          null,
          null,
          1,
          3,
          null,
          1,
          1,
          1,
          1,
          null,
          null,
          2,
          1,
          2,
          1,
          1,
          1,
          null,
          null,
          null,
          1,
          2,
          1,
          2,
          1,
          1,
          1,
          null,
          null,
          null,
          null
        ]
      },
      "/home/brolinr/workspace/projects/produktiv/app/services/todos/create.rb": {
        "lines": [
          null,
          null,
          1,
          1,
          4,
          null,
          4,
          null,
          4,
          null,
          null,
          1,
          null,
          1,
          7,
          null,
          null,
          1,
          4,
          3,
          null,
          3,
          3,
          3,
          null,
          0,
          0,
          null,
          null,
          1,
          1,
          null,
          null
        ]
      },
      "/home/brolinr/workspace/projects/produktiv/spec/services/todos/update_spec.rb": {
        "lines": [
          null,
          null,
          1,
          null,
          1,
          1,
          2,
          null,
          null,
          null,
          null,
          3,
          null,
          1,
          1,
          2,
          1,
          2,
          1,
          1,
          1,
          null,
          null,
          null,
          1,
          2,
          1,
          2,
          1,
          1,
          1,
          null,
          null,
          null,
          null
        ]
      },
      "/home/brolinr/workspace/projects/produktiv/app/services/todos/update.rb": {
        "lines": [
          null,
          null,
          1,
          1,
          3,
          null,
          3,
          null,
          3,
          null,
          null,
          1,
          null,
          1,
          3,
          null,
          null,
          1,
          10,
          null,
          null,
          1,
          3,
          2,
          2,
          null,
          0,
          0,
          null,
          null,
          1,
          1,
          null,
          null
        ]
      },
      "/home/brolinr/workspace/projects/produktiv/spec/services/users/create_spec.rb": {
        "lines": [
          null,
          null,
          1,
          null,
          1,
          4,
          null,
          1,
          1,
          2,
          1,
          2,
          1,
          1,
          1,
          null,
          null,
          null,
          1,
          2,
          null,
          1,
          2,
          1,
          1,
          1,
          null,
          null,
          null,
          1,
          2,
          null,
          1,
          2,
          1,
          1,
          1,
          null,
          null,
          null,
          null
        ]
      },
      "/home/brolinr/workspace/projects/produktiv/app/services/users/create.rb": {
        "lines": [
          null,
          null,
          1,
          1,
          3,
          null,
          3,
          null,
          null,
          1,
          null,
          1,
          3,
          null,
          2,
          2,
          1,
          1,
          1,
          null,
          0,
          null,
          null,
          null,
          null,
          null,
          1,
          1,
          null,
          null,
          1,
          1,
          null,
          null
        ]
      },
      "/home/brolinr/workspace/projects/produktiv/spec/services/users/update_spec.rb": {
        "lines": [
          null,
          null,
          1,
          null,
          1,
          1,
          2,
          null,
          null,
          null,
          null,
          3,
          null,
          1,
          1,
          2,
          1,
          2,
          1,
          1,
          1,
          null,
          null,
          null,
          1,
          2,
          1,
          2,
          1,
          1,
          1,
          null,
          null,
          null,
          null
        ]
      },
      "/home/brolinr/workspace/projects/produktiv/app/services/users/update.rb": {
        "lines": [
          null,
          null,
          1,
          1,
          2,
          null,
          2,
          null,
          2,
          null,
          null,
          1,
          null,
          1,
          8,
          null,
          null,
          1,
          2,
          null,
          2,
          1,
          null,
          0,
          0,
          null,
          1,
          null,
          1,
          1,
          null,
          null
        ]
      },
      "/home/brolinr/workspace/projects/produktiv/app/serializers/chat_serializer.rb": {
        "lines": [
          null,
          null,
          1,
          1,
          null,
          1,
          null,
          1,
          1,
          null
        ]
      },
      "/home/brolinr/workspace/projects/produktiv/app/serializers/project_serializer.rb": {
        "lines": [
          null,
          null,
          1,
          1,
          1,
          null
        ]
      },
      "/home/brolinr/workspace/projects/produktiv/app/serializers/message_serializer.rb": {
        "lines": [
          null,
          null,
          1,
          1,
          1,
          null
        ]
      },
      "/home/brolinr/workspace/projects/produktiv/app/serializers/chat_member_serializer.rb": {
        "lines": [
          null,
          null,
          1,
          1,
          null,
          1,
          1,
          null,
          1,
          null
        ]
      },
      "/home/brolinr/workspace/projects/produktiv/app/serializers/project_user_serializer.rb": {
        "lines": [
          null,
          null,
          1,
          1,
          1,
          null
        ]
      },
      "/home/brolinr/workspace/projects/produktiv/app/services/chats/create.rb": {
        "lines": [
          null,
          null,
          1,
          1,
          2,
          null,
          2,
          2,
          2,
          null,
          null,
          2,
          null,
          2,
          null,
          null,
          1,
          null,
          1,
          4,
          null,
          null,
          1,
          2,
          null,
          null,
          1,
          2,
          3,
          null,
          3,
          null,
          2,
          2,
          null,
          null,
          null,
          1,
          1,
          1,
          null,
          null
        ]
      },
      "/home/brolinr/workspace/projects/produktiv/app/models/result.rb": {
        "lines": [
          null,
          null,
          1,
          1,
          null,
          1,
          0,
          null,
          null,
          1,
          0,
          null,
          null,
          1,
          55,
          55,
          55,
          55,
          null,
          null,
          1,
          37,
          null,
          null,
          1,
          22,
          22,
          7,
          null,
          15,
          null,
          null,
          null,
          1,
          96,
          84,
          84,
          null,
          12,
          null,
          null,
          1,
          19,
          null,
          null,
          1,
          0,
          null,
          null,
          1,
          56,
          null,
          null
        ]
      },
      "/home/brolinr/workspace/projects/produktiv/app/serializers/message_board_serializer.rb": {
        "lines": [
          null,
          null,
          1,
          1,
          1,
          null
        ]
      },
      "/home/brolinr/workspace/projects/produktiv/app/serializers/todo_serializer.rb": {
        "lines": [
          null,
          null,
          1,
          1,
          1,
          null
        ]
      },
      "/home/brolinr/workspace/projects/produktiv/app/serializers/todo_list_serializer.rb": {
        "lines": [
          null,
          null,
          1,
          1,
          1,
          null
        ]
      },
      "/home/brolinr/workspace/projects/produktiv/app/serializers/user_serializer.rb": {
        "lines": [
          null,
          null,
          1,
          1,
          1,
          null
        ]
      }
    },
    "timestamp": 1722685284
  }
}
