{
  "RSpec": {
    "coverage": {
      "/home/brolinr/workspace/projects/produktiv/app/models/project.rb": {
        "lines": [
          1,
          1,
          null,
          1,
          null,
          1,
          null
        ]
      },
      "/home/brolinr/workspace/projects/produktiv/spec/models/project_user_spec.rb": {
        "lines": [
          1,
          null,
          1,
          4,
          null,
          1,
          2,
          null,
          1,
          2,
          2,
          null,
          null,
          1,
          2,
          null,
          3,
          null,
          null
        ]
      },
      "/home/brolinr/workspace/projects/produktiv/app/models/project_user.rb": {
        "lines": [
          1,
          1,
          1,
          null,
          1,
          1,
          null,
          1,
          null
        ]
      },
      "/home/brolinr/workspace/projects/produktiv/spec/models/user_spec.rb": {
        "lines": [
          1,
          null,
          null,
          1,
          8,
          null,
          1,
          2,
          2,
          2,
          2,
          2,
          null,
          null,
          1,
          2,
          2,
          null,
          null,
          1,
          2,
          null,
          3,
          null,
          null
        ]
      },
      "/home/brolinr/workspace/projects/produktiv/spec/requests/v1/invites_controller_spec.rb": {
        "lines": [
          1,
          null,
          1,
          11,
          11,
          9,
          null,
          11,
          1,
          3,
          3,
          1,
          2,
          null,
          1,
          1,
          1,
          1,
          null,
          null,
          1,
          2,
          null,
          1,
          1,
          1,
          1,
          null,
          null,
          null,
          null,
          1,
          3,
          3,
          null,
          1,
          2,
          2,
          null,
          1,
          1,
          1,
          1,
          null,
          null,
          null,
          1,
          2,
          2,
          null,
          1,
          1,
          1,
          1,
          null,
          null,
          null,
          null,
          1,
          1,
          2,
          null,
          null,
          null,
          1,
          2,
          null,
          1,
          2,
          1,
          1,
          null,
          null,
          null,
          1,
          2,
          null,
          1,
          2,
          1,
          1,
          null,
          null,
          null,
          null,
          1,
          3,
          3,
          null,
          1,
          2,
          2,
          2,
          null,
          1,
          1,
          1,
          1,
          1,
          null,
          null,
          null,
          1,
          2,
          2,
          2,
          null,
          1,
          1,
          1,
          1,
          null,
          null,
          null,
          null,
          1,
          3,
          3,
          null,
          1,
          2,
          2,
          null,
          1,
          2,
          1,
          1,
          null,
          null,
          null,
          1,
          2,
          2,
          null,
          1,
          1,
          1,
          1,
          null,
          null,
          null,
          null
        ]
      },
      "/home/brolinr/workspace/projects/produktiv/app/controllers/v1/invites_controller.rb": {
        "lines": [
          1,
          1,
          1,
          null,
          1,
          1,
          null,
          null,
          1,
          1,
          null,
          null,
          1,
          2,
          null,
          null,
          null,
          null,
          2,
          null,
          null,
          1,
          2,
          2,
          null,
          null,
          1,
          1,
          1,
          null,
          null,
          1,
          1,
          2,
          null,
          null,
          1,
          2,
          null,
          null,
          1,
          10,
          null,
          2,
          null,
          null,
          1,
          6,
          null,
          0,
          null,
          null
        ]
      },
      "/home/brolinr/workspace/projects/produktiv/app/controllers/v1/application_controller.rb": {
        "lines": [
          1,
          1,
          1,
          null,
          1,
          0,
          null,
          null,
          1,
          null,
          1,
          9,
          null,
          null
        ]
      },
      "/home/brolinr/workspace/projects/produktiv/app/controllers/application_controller.rb": {
        "lines": [
          1,
          null,
          1,
          null,
          null,
          1,
          null,
          null,
          null,
          null,
          null,
          null,
          null,
          null,
          null,
          null,
          null,
          null,
          1,
          1,
          0,
          0,
          null,
          null
        ]
      },
      "/home/brolinr/workspace/projects/produktiv/spec/requests/v1/projects_controller_spec.rb": {
        "lines": [
          1,
          null,
          1,
          11,
          7,
          null,
          11,
          1,
          9,
          3,
          1,
          2,
          null,
          1,
          1,
          1,
          1,
          null,
          null,
          1,
          2,
          null,
          1,
          1,
          1,
          1,
          null,
          null,
          null,
          null,
          1,
          3,
          3,
          null,
          1,
          2,
          2,
          null,
          1,
          1,
          1,
          1,
          null,
          null,
          null,
          1,
          2,
          2,
          null,
          1,
          1,
          1,
          1,
          null,
          null,
          null,
          null,
          1,
          1,
          2,
          null,
          null,
          null,
          1,
          2,
          null,
          1,
          2,
          1,
          1,
          null,
          null,
          null,
          1,
          2,
          null,
          1,
          1,
          1,
          1,
          null,
          null,
          null,
          null,
          1,
          3,
          3,
          null,
          1,
          2,
          2,
          2,
          null,
          1,
          1,
          1,
          1,
          1,
          null,
          null,
          null,
          1,
          2,
          2,
          2,
          null,
          1,
          1,
          1,
          1,
          null,
          null,
          null,
          null,
          1,
          3,
          3,
          null,
          1,
          2,
          2,
          null,
          1,
          2,
          1,
          1,
          null,
          null,
          null,
          1,
          2,
          2,
          null,
          1,
          1,
          1,
          1,
          null,
          null,
          null,
          null
        ]
      },
      "/home/brolinr/workspace/projects/produktiv/app/controllers/v1/projects_controller.rb": {
        "lines": [
          null,
          null,
          1,
          1,
          null,
          1,
          1,
          1,
          null,
          null,
          1,
          1,
          null,
          null,
          1,
          2,
          null,
          2,
          null,
          null,
          1,
          2,
          null,
          2,
          null,
          null,
          1,
          1,
          1,
          null,
          null,
          1,
          null,
          1,
          10,
          null,
          2,
          null,
          null,
          1,
          4,
          null,
          null
        ]
      },
      "/home/brolinr/workspace/projects/produktiv/spec/services/invites/create_spec.rb": {
        "lines": [
          1,
          null,
          1,
          1,
          2,
          null,
          null,
          null,
          null,
          2,
          3,
          null,
          1,
          1,
          2,
          1,
          2,
          1,
          1,
          1,
          null,
          null,
          null,
          1,
          2,
          1,
          2,
          1,
          1,
          1,
          null,
          null,
          null,
          null
        ]
      },
      "/home/brolinr/workspace/projects/produktiv/app/services/invites/create.rb": {
        "lines": [
          1,
          1,
          4,
          null,
          4,
          4,
          null,
          null,
          null,
          4,
          null,
          4,
          null,
          null,
          1,
          null,
          1,
          8,
          null,
          null,
          1,
          4,
          null,
          4,
          4,
          null,
          null,
          null,
          1,
          4,
          3,
          2,
          null,
          1,
          1,
          null,
          null,
          null,
          1,
          1,
          null,
          null,
          1,
          2,
          2,
          null,
          null,
          null,
          null,
          null,
          null
        ]
      },
      "/home/brolinr/workspace/projects/produktiv/app/services/application_service.rb": {
        "lines": [
          null,
          null,
          1,
          1,
          21,
          null,
          null,
          1,
          null,
          1,
          21,
          21,
          21,
          null,
          null,
          1,
          1,
          1,
          1,
          1,
          1,
          null,
          1,
          25,
          null,
          23,
          null,
          null,
          1,
          0,
          0,
          null,
          0,
          null,
          null,
          1,
          0,
          null,
          0,
          null,
          null,
          1,
          36,
          null,
          null,
          1,
          0,
          null,
          null,
          1,
          4,
          4,
          4,
          null,
          null,
          0,
          null,
          null,
          1,
          0,
          null,
          0,
          null,
          null,
          1,
          0,
          0,
          0,
          0,
          null,
          null,
          0,
          null,
          null
        ]
      },
      "/home/brolinr/workspace/projects/produktiv/spec/services/invites/update_spec.rb": {
        "lines": [
          1,
          null,
          1,
          1,
          2,
          null,
          null,
          null,
          null,
          3,
          null,
          1,
          1,
          2,
          1,
          2,
          1,
          1,
          1,
          null,
          null,
          null,
          1,
          2,
          1,
          2,
          1,
          1,
          1,
          1,
          null,
          null,
          null,
          null
        ]
      },
      "/home/brolinr/workspace/projects/produktiv/app/services/invites/update.rb": {
        "lines": [
          1,
          1,
          4,
          null,
          4,
          null,
          4,
          null,
          null,
          1,
          1,
          16,
          null,
          null,
          1,
          4,
          3,
          3,
          null,
          0,
          0,
          0,
          null,
          null,
          1,
          1,
          1,
          null,
          null
        ]
      },
      "/home/brolinr/workspace/projects/produktiv/spec/services/projects/create_spec.rb": {
        "lines": [
          1,
          null,
          1,
          1,
          2,
          null,
          null,
          null,
          null,
          3,
          null,
          1,
          1,
          2,
          1,
          2,
          1,
          1,
          1,
          null,
          null,
          null,
          1,
          2,
          1,
          2,
          1,
          1,
          1,
          null,
          null,
          null,
          null
        ]
      },
      "/home/brolinr/workspace/projects/produktiv/app/services/projects/create.rb": {
        "lines": [
          1,
          1,
          4,
          null,
          4,
          null,
          4,
          null,
          null,
          1,
          1,
          8,
          null,
          null,
          1,
          4,
          null,
          4,
          2,
          2,
          null,
          2,
          2,
          null,
          null,
          0,
          0,
          null,
          null
        ]
      },
      "/home/brolinr/workspace/projects/produktiv/spec/services/projects/update_spec.rb": {
        "lines": [
          1,
          null,
          1,
          1,
          2,
          null,
          null,
          null,
          null,
          3,
          null,
          1,
          1,
          2,
          1,
          2,
          1,
          1,
          1,
          null,
          null,
          null,
          1,
          2,
          1,
          2,
          1,
          1,
          1,
          null,
          null,
          null,
          null
        ]
      },
      "/home/brolinr/workspace/projects/produktiv/app/services/projects/update.rb": {
        "lines": [
          1,
          1,
          4,
          null,
          4,
          null,
          4,
          null,
          null,
          1,
          1,
          14,
          null,
          null,
          1,
          4,
          3,
          3,
          null,
          0,
          0,
          null,
          null,
          1,
          1,
          null,
          null
        ]
      },
      "/home/brolinr/workspace/projects/produktiv/spec/services/users/create_spec.rb": {
        "lines": [
          1,
          null,
          1,
          4,
          null,
          1,
          1,
          2,
          1,
          2,
          1,
          1,
          1,
          null,
          null,
          null,
          1,
          2,
          null,
          1,
          2,
          1,
          1,
          1,
          null,
          null,
          null,
          1,
          2,
          null,
          1,
          2,
          1,
          1,
          1,
          null,
          null,
          null,
          null
        ]
      },
      "/home/brolinr/workspace/projects/produktiv/app/services/users/create.rb": {
        "lines": [
          1,
          1,
          3,
          null,
          3,
          null,
          null,
          1,
          null,
          1,
          3,
          null,
          2,
          2,
          1,
          1,
          1,
          null,
          0,
          0,
          null,
          null,
          null,
          null,
          null,
          1,
          1,
          null,
          null,
          1,
          1,
          null,
          null
        ]
      },
      "/home/brolinr/workspace/projects/produktiv/spec/services/users/update_spec.rb": {
        "lines": [
          1,
          null,
          1,
          1,
          2,
          null,
          null,
          null,
          null,
          3,
          null,
          1,
          1,
          2,
          1,
          2,
          1,
          1,
          1,
          null,
          null,
          null,
          1,
          2,
          1,
          2,
          1,
          1,
          1,
          null,
          null,
          null,
          null
        ]
      },
      "/home/brolinr/workspace/projects/produktiv/app/services/users/update.rb": {
        "lines": [
          1,
          1,
          2,
          null,
          2,
          null,
          2,
          null,
          null,
          1,
          null,
          1,
          8,
          null,
          null,
          1,
          2,
          null,
          2,
          1,
          1,
          null,
          0,
          0,
          0,
          null,
          null,
          1,
          1,
          null,
          null
        ]
      },
      "/home/brolinr/workspace/projects/produktiv/app/serializers/project_user_serializer.rb": {
        "lines": [
          1,
          1,
          1,
          null
        ]
      },
      "/home/brolinr/workspace/projects/produktiv/app/models/result.rb": {
        "lines": [
          null,
          null,
          1,
          1,
          null,
          1,
          0,
          null,
          null,
          1,
          0,
          null,
          null,
          1,
          21,
          21,
          21,
          21,
          null,
          null,
          1,
          13,
          null,
          null,
          1,
          9,
          9,
          4,
          null,
          5,
          null,
          null,
          null,
          1,
          35,
          31,
          31,
          null,
          4,
          null,
          null,
          1,
          7,
          null,
          null,
          1,
          0,
          null,
          null,
          1,
          21,
          null,
          null
        ]
      },
      "/home/brolinr/workspace/projects/produktiv/app/serializers/project_serializer.rb": {
        "lines": [
          1,
          1,
          1,
          null
        ]
      },
      "/home/brolinr/workspace/projects/produktiv/app/serializers/user_serializer.rb": {
        "lines": [
          1,
          1,
          1,
          null
        ]
      }
    },
    "timestamp": 1721476554
  }
}
